TN:
SF:src\config.ts
FNF:0
FNH:0
DA:1,2
DA:3,2
LF:2
LH:2
BRF:0
BRH:0
end_of_record
TN:
SF:src\helpers.ts
FN:4,(anonymous_0)
FN:8,(anonymous_1)
FN:12,(anonymous_2)
FN:24,(anonymous_3)
FNF:4
FNH:4
FNDA:7,(anonymous_0)
FNDA:4,(anonymous_1)
FNDA:6,(anonymous_2)
FNDA:3,(anonymous_3)
DA:1,2
DA:4,2
DA:5,7
DA:8,2
DA:9,4
DA:12,6
DA:13,6
DA:14,2
DA:17,4
DA:18,0
DA:21,4
DA:24,2
DA:25,3
LF:13
LH:12
BRDA:13,0,0,2
BRDA:13,1,0,6
BRDA:13,1,1,5
BRDA:17,2,0,0
BRDA:17,3,0,4
BRDA:17,3,1,2
BRF:6
BRH:5
end_of_record
TN:
SF:src\services\public-holidays.service.ts
FN:8,(anonymous_14)
FN:8,(anonymous_15)
FN:15,(anonymous_17)
FN:21,(anonymous_18)
FN:21,(anonymous_19)
FN:32,(anonymous_21)
FN:32,(anonymous_22)
FN:39,(anonymous_24)
FNF:8
FNH:8
FNDA:2,(anonymous_14)
FNDA:2,(anonymous_15)
FNDA:1,(anonymous_17)
FNDA:1,(anonymous_18)
FNDA:1,(anonymous_19)
FNDA:1,(anonymous_21)
FNDA:1,(anonymous_22)
FNDA:1,(anonymous_24)
DA:1,1
DA:2,1
DA:3,1
DA:8,2
DA:9,2
DA:12,2
DA:15,1
DA:17,1
DA:21,1
DA:22,1
DA:25,1
DA:26,1
DA:28,0
DA:32,1
DA:33,1
DA:36,1
DA:39,1
DA:41,0
LF:18
LH:16
BRF:0
BRH:0
end_of_record
